app/build/intermediates/manifest_merge_blame_file/debug/manifest-merger-blame-debug-report.txt
1<?xml version="1.0" encoding="utf-8"?>
2<manifest xmlns:android="http://schemas.android.com/apk/res/android"
3    package="org.gaminganywhere.gaclient"
4    android:versionCode="2"
5    android:versionName="0.1" >
6
7    <uses-sdk
7-->src\main\AndroidManifest.xml:8:5-10:41
8        android:minSdkVersion="23"
8-->src\main\AndroidManifest.xml:9:9-35
9        android:targetSdkVersion="30" />
9-->src\main\AndroidManifest.xml:10:9-38
10
11    <uses-permission android:name="android.permission.INTERNET" />
11-->src\main\AndroidManifest.xml:11:5-66
11-->src\main\AndroidManifest.xml:11:22-64
12    <uses-permission android:name="android.permission.WAKE_LOCK" />
12-->src\main\AndroidManifest.xml:12:5-67
12-->src\main\AndroidManifest.xml:12:22-65
13    <uses-permission android:name="android.permission.ACCESS_NETWORK_STATE" />
13-->src\main\AndroidManifest.xml:13:5-78
13-->src\main\AndroidManifest.xml:13:22-76
14
15    <application
15-->src\main\AndroidManifest.xml:15:5-38:19
16        android:allowBackup="true"
16-->src\main\AndroidManifest.xml:16:9-35
17        android:debuggable="true"
18        android:extractNativeLibs="false"
19        android:hardwareAccelerated="true"
19-->src\main\AndroidManifest.xml:20:9-43
20        android:icon="@drawable/ic_launcher"
20-->src\main\AndroidManifest.xml:17:9-45
21        android:label="@string/app_name"
21-->src\main\AndroidManifest.xml:18:9-41
22        android:testOnly="true"
23        android:theme="@style/AppTheme" >
23-->src\main\AndroidManifest.xml:19:9-40
24        <activity
24-->src\main\AndroidManifest.xml:21:9-29:20
25            android:name="org.gaminganywhere.gaclient.MainActivity"
25-->src\main\AndroidManifest.xml:22:13-68
26            android:label="@string/app_name" >
26-->src\main\AndroidManifest.xml:23:13-45
27            <intent-filter>
27-->src\main\AndroidManifest.xml:24:13-28:29
28                <action android:name="android.intent.action.MAIN" />
28-->src\main\AndroidManifest.xml:25:17-69
28-->src\main\AndroidManifest.xml:25:25-66
29
30                <category android:name="android.intent.category.LAUNCHER" />
30-->src\main\AndroidManifest.xml:27:17-77
30-->src\main\AndroidManifest.xml:27:27-74
31            </intent-filter>
32        </activity>
33        <activity android:name="org.gaminganywhere.gaclient.SettingsActivity" >
33-->src\main\AndroidManifest.xml:30:9-31:20
33-->src\main\AndroidManifest.xml:30:19-78
34        </activity>
35        <activity
35-->src\main\AndroidManifest.xml:32:9-37:20
36            android:name="org.gaminganywhere.gaclient.PlayerActivity"
36-->src\main\AndroidManifest.xml:33:13-70
37            android:configChanges="orientation|keyboardHidden|screenSize"
37-->src\main\AndroidManifest.xml:34:13-74
38            android:label="@string/title_activity_player"
38-->src\main\AndroidManifest.xml:35:13-58
39            android:theme="@style/FullscreenTheme" >
39-->src\main\AndroidManifest.xml:36:13-51
40        </activity>
41    </application>
42
43</manifest>